[LOGGER]  log@log.log
[LOGGER]  /home/user/proj/my-site/public/profile.html
[LOGGER]  /home/user/proj/my-site/public/main.css
[LOGGER]  /home/user/proj/my-site/public/js/menu.js
[LOGGER]  /home/user/proj/my-site/public/substyles/nav.css
[LOGGER]  /home/user/proj/my-site/public/substyles/ad.css
[LOGGER]  /home/user/proj/my-site/public/substyles/simple.css
[LOGGER]  /home/user/proj/my-site/public/substyles/profile.css
[LOGGER]  /home/user/proj/my-site/public/substyles/fonts.css
[LOGGER]  /home/user/proj/my-site/public/substyles/sidemenu.css
[LOGGER]  /home/user/proj/my-site/public/substyles/vk.css
[LOGGER]  /home/user/proj/my-site/public/js/main.js
[LOGGER]  loading profile: 8cb38ac159d2b03f1a540688104bbba1d894a1266cc209d7ca02af089193c0d3
[LOGGER]  /home/user/proj/my-site/public/profile.html
[LOGGER]  /home/user/proj/my-site/public/main.css
[LOGGER]  /home/user/proj/my-site/public/js/main.js
[LOGGER]  /home/user/proj/my-site/public/substyles/nav.css
[LOGGER]  /home/user/proj/my-site/public/substyles/ad.css
[LOGGER]  /home/user/proj/my-site/public/substyles/simple.css
[LOGGER]  /home/user/proj/my-site/public/substyles/profile.css
[LOGGER]  /home/user/proj/my-site/public/substyles/fonts.css
[LOGGER]  /home/user/proj/my-site/public/substyles/sidemenu.css
[LOGGER]  /home/user/proj/my-site/public/substyles/vk.css
[LOGGER]  loading profile: 8cb38ac159d2b03f1a540688104bbba1d894a1266cc209d7ca02af089193c0d3
[LOGGER]  /home/user/proj/my-site/public/profile.html
[LOGGER]  /home/user/proj/my-site/public/main.css
[LOGGER]  /home/user/proj/my-site/public/js/main.js
[LOGGER]  /home/user/proj/my-site/public/substyles/nav.css
[LOGGER]  /home/user/proj/my-site/public/substyles/ad.css
[LOGGER]  /home/user/proj/my-site/public/substyles/profile.css
[LOGGER]  /home/user/proj/my-site/public/substyles/simple.css
[LOGGER]  /home/user/proj/my-site/public/substyles/fonts.css
[LOGGER]  /home/user/proj/my-site/public/substyles/sidemenu.css
[LOGGER]  /home/user/proj/my-site/public/substyles/vk.css
[LOGGER]  loading profile: 8cb38ac159d2b03f1a540688104bbba1d894a1266cc209d7ca02af089193c0d3
[LOGGER]  /home/user/proj/my-site/public/profile.html
[LOGGER]  /home/user/proj/my-site/public/main.css
[LOGGER]  /home/user/proj/my-site/public/js/menu.js
[LOGGER]  /home/user/proj/my-site/public/substyles/profile.css
[LOGGER]  /home/user/proj/my-site/public/substyles/ad.css
[LOGGER]  /home/user/proj/my-site/public/substyles/sidemenu.css
[LOGGER]  /home/user/proj/my-site/public/substyles/fonts.css
[LOGGER]  /home/user/proj/my-site/public/substyles/simple.css
[LOGGER]  /home/user/proj/my-site/public/substyles/nav.css
[LOGGER]  /home/user/proj/my-site/public/substyles/vk.css
[LOGGER]  /home/user/proj/my-site/public/js/main.js
[LOGGER]  loading profile: 8cb38ac159d2b03f1a540688104bbba1d894a1266cc209d7ca02af089193c0d3
[ERROR] Error: SQLITE_ERROR: unrecognized token: "8cb38ac159d2b03f1a540688104bbba1d894a1266cc209d7ca02af089193c0d3"
[LOGGER]  /home/user/proj/my-site/public/fonts/SofiaSansSemiCondensed-Black.ttf
[LOGGER]  logo.ico
[LOGGER]  /home/user/proj/my-site/public/profile.html
[LOGGER]  /home/user/proj/my-site/public/main.css
[LOGGER]  /home/user/proj/my-site/public/js/main.js
[LOGGER]  /home/user/proj/my-site/public/substyles/nav.css
[LOGGER]  /home/user/proj/my-site/public/substyles/ad.css
[LOGGER]  /home/user/proj/my-site/public/substyles/simple.css
[LOGGER]  /home/user/proj/my-site/public/substyles/profile.css
[LOGGER]  /home/user/proj/my-site/public/substyles/fonts.css
[LOGGER]  /home/user/proj/my-site/public/substyles/sidemenu.css
[LOGGER]  /home/user/proj/my-site/public/substyles/vk.css
[LOGGER]  loading profile: 8cb38ac159d2b03f1a540688104bbba1d894a1266cc209d7ca02af089193c0d3
[LOGGER]  /home/user/proj/my-site/public/js/menu.js
[LOGGER]  /home/user/proj/my-site/public/fonts/SofiaSansSemiCondensed-Black.ttf
[LOGGER]  logo.ico
[LOGGER]  /home/user/proj/my-site/public/login.html
[LOGGER]  /home/user/proj/my-site/public/main.css
[LOGGER]  /home/user/proj/my-site/public/substyles/register.css
[LOGGER]  /home/user/proj/my-site/public/substyles/nav.css
[LOGGER]  /home/user/proj/my-site/public/substyles/ad.css
[LOGGER]  /home/user/proj/my-site/public/substyles/simple.css
[LOGGER]  /home/user/proj/my-site/public/substyles/fonts.css
[LOGGER]  /home/user/proj/my-site/public/substyles/sidemenu.css
[LOGGER]  /home/user/proj/my-site/public/substyles/vk.css
[LOGGER]  /home/user/proj/my-site/public/register.html
[LOGGER]  /home/user/proj/my-site/public/main.css
[LOGGER]  /home/user/proj/my-site/public/substyles/register.css
[LOGGER]  /home/user/proj/my-site/public/substyles/nav.css
[LOGGER]  /home/user/proj/my-site/public/substyles/ad.css
[LOGGER]  /home/user/proj/my-site/public/substyles/simple.css
[LOGGER]  /home/user/proj/my-site/public/substyles/sidemenu.css
[LOGGER]  /home/user/proj/my-site/public/substyles/fonts.css
[LOGGER]  /home/user/proj/my-site/public/substyles/vk.css
[LOGGER]  /home/user/proj/my-site/public/login.html
[LOGGER]  /home/user/proj/my-site/public/main.css
[LOGGER]  /home/user/proj/my-site/public/substyles/register.css
[LOGGER]  /home/user/proj/my-site/public/substyles/nav.css
[LOGGER]  /home/user/proj/my-site/public/substyles/ad.css
[LOGGER]  /home/user/proj/my-site/public/substyles/simple.css
[LOGGER]  /home/user/proj/my-site/public/substyles/sidemenu.css
[LOGGER]  /home/user/proj/my-site/public/substyles/fonts.css
[LOGGER]  /home/user/proj/my-site/public/substyles/vk.css
[LOGGER]  artamykorobov@bk.ru
[LOGGER]  /home/user/proj/my-site/public/err/401.html
[LOGGER]  /home/user/proj/my-site/public/err/err/info.html
[LOGGER]  /home/user/proj/my-site/public/favicon.ico
[LOGGER]  /home/user/proj/my-site/public/index.html
[LOGGER]  /home/user/proj/my-site/public/substyles/preloader.css
[LOGGER]  /home/user/proj/my-site/public/js/menu.js
[LOGGER]  /home/user/proj/my-site/public/js/main.js
[LOGGER]  /home/user/proj/my-site/public/main.css
[LOGGER]  /home/user/proj/my-site/public/substyles/nav.css
[LOGGER]  /home/user/proj/my-site/public/substyles/ad.css
[LOGGER]  /home/user/proj/my-site/public/substyles/fonts.css
[LOGGER]  /home/user/proj/my-site/public/substyles/vk.css
[LOGGER]  /home/user/proj/my-site/public/substyles/sidemenu.css
[LOGGER]  /home/user/proj/my-site/public/substyles/simple.css
[LOGGER]  /home/user/proj/my-site/public/fonts/SofiaSansSemiCondensed-Black.ttf
